<?xml version="1.0" encoding="UTF-8"?>
<testsuite name="com.emse.spring.faircorp.hello.DummyUserServiceTest" tests="1" skipped="0" failures="0" errors="0" timestamp="2020-11-23T10:17:54" hostname="LENOVO-PC" time="0.062">
  <properties/>
  <testcase name="testGreetingAll(CapturedOutput)" classname="com.emse.spring.faircorp.hello.DummyUserServiceTest" time="0.062"/>
  <system-out><![CDATA[2020-11-23 11:17:54.393  INFO 5864 --- [    Test worker] o.s.t.c.s.DefaultTestContextBootstrapper : Neither @ContextConfiguration nor @ContextHierarchy found for test class [com.emse.spring.faircorp.hello.DummyUserServiceTest], using DelegatingSmartContextLoader
2020-11-23 11:17:54.394  INFO 5864 --- [    Test worker] o.s.t.c.support.AbstractContextLoader    : Could not detect default resource locations for test class [com.emse.spring.faircorp.hello.DummyUserServiceTest]: no resource found for suffixes {-context.xml}.
2020-11-23 11:17:54.395  INFO 5864 --- [    Test worker] c.s.AbstractDelegatingSmartContextLoader : AnnotationConfigContextLoader detected default configuration classes for context configuration [ContextConfigurationAttributes@2b593b71 declaringClass = 'com.emse.spring.faircorp.hello.DummyUserServiceTest', classes = '{class com.emse.spring.faircorp.hello.DummyUserServiceTest$DummyUserServiceTestConfig}', locations = '{}', inheritLocations = false, initializers = '{}', inheritInitializers = true, name = [null], contextLoaderClass = 'org.springframework.test.context.ContextLoader'].
2020-11-23 11:17:54.397  INFO 5864 --- [    Test worker] o.s.t.c.s.DefaultTestContextBootstrapper : Loaded default TestExecutionListener class names from location [META-INF/spring.factories]: [org.springframework.boot.test.autoconfigure.restdocs.RestDocsTestExecutionListener, org.springframework.boot.test.autoconfigure.web.client.MockRestServiceServerResetTestExecutionListener, org.springframework.boot.test.autoconfigure.web.servlet.MockMvcPrintOnlyOnFailureTestExecutionListener, org.springframework.boot.test.autoconfigure.web.servlet.WebDriverTestExecutionListener, org.springframework.boot.test.autoconfigure.webservices.client.MockWebServiceServerTestExecutionListener, org.springframework.boot.test.mock.mockito.MockitoTestExecutionListener, org.springframework.boot.test.mock.mockito.ResetMocksTestExecutionListener, org.springframework.test.context.web.ServletTestExecutionListener, org.springframework.test.context.support.DirtiesContextBeforeModesTestExecutionListener, org.springframework.test.context.support.DependencyInjectionTestExecutionListener, org.springframework.test.context.support.DirtiesContextTestExecutionListener, org.springframework.test.context.transaction.TransactionalTestExecutionListener, org.springframework.test.context.jdbc.SqlScriptsTestExecutionListener, org.springframework.test.context.event.EventPublishingTestExecutionListener]
2020-11-23 11:17:54.398  INFO 5864 --- [    Test worker] o.s.t.c.s.DefaultTestContextBootstrapper : Using TestExecutionListeners: [org.springframework.test.context.web.ServletTestExecutionListener@8578d3a, org.springframework.test.context.support.DirtiesContextBeforeModesTestExecutionListener@1c5f6a93, org.springframework.boot.test.mock.mockito.MockitoTestExecutionListener@7e3f48da, org.springframework.test.context.support.DependencyInjectionTestExecutionListener@68dbde97, org.springframework.test.context.support.DirtiesContextTestExecutionListener@5cd1a0eb, org.springframework.test.context.event.EventPublishingTestExecutionListener@3bbd4210, org.springframework.boot.test.autoconfigure.restdocs.RestDocsTestExecutionListener@3f40b425, org.springframework.boot.test.autoconfigure.web.client.MockRestServiceServerResetTestExecutionListener@959fa3c, org.springframework.boot.test.autoconfigure.web.servlet.MockMvcPrintOnlyOnFailureTestExecutionListener@58ded504, org.springframework.boot.test.autoconfigure.web.servlet.WebDriverTestExecutionListener@922b1cd, org.springframework.boot.test.autoconfigure.webservices.client.MockWebServiceServerTestExecutionListener@33f9cd50, org.springframework.boot.test.mock.mockito.ResetMocksTestExecutionListener@75b75909]
Hello, Elodie!
Hello, Charles!
]]></system-out>
  <system-err><![CDATA[]]></system-err>
</testsuite>
